TN:
SF:source/dynamoDBManager.js
FN:7,(anonymous_0)
FN:9,(anonymous_1)
FN:14,(anonymous_2)
FN:15,(anonymous_3)
FN:21,(anonymous_4)
FN:22,(anonymous_5)
FNF:6
FNH:0
FNDA:0,(anonymous_0)
FNDA:0,(anonymous_1)
FNDA:0,(anonymous_2)
FNDA:0,(anonymous_3)
FNDA:0,(anonymous_4)
FNDA:0,(anonymous_5)
DA:3,1
DA:5,1
DA:7,1
DA:8,0
DA:9,0
DA:10,0
DA:14,1
DA:15,0
DA:16,0
DA:17,0
DA:21,1
DA:22,0
DA:23,0
DA:24,0
LF:14
LH:5
BRF:0
BRH:0
end_of_record
TN:
SF:source/handler.js
FN:11,(anonymous_0)
FN:12,(anonymous_1)
FN:18,(anonymous_2)
FN:41,(anonymous_3)
FN:66,(anonymous_4)
FN:88,(anonymous_5)
FN:115,(anonymous_6)
FNF:7
FNH:4
FNDA:0,(anonymous_0)
FNDA:0,(anonymous_1)
FNDA:2,(anonymous_2)
FNDA:2,(anonymous_3)
FNDA:2,(anonymous_4)
FNDA:2,(anonymous_5)
FNDA:0,(anonymous_6)
DA:3,1
DA:5,1
DA:6,1
DA:9,1
DA:11,1
DA:12,0
DA:13,0
DA:14,0
DA:18,1
DA:19,2
DA:20,2
DA:22,2
DA:23,2
DA:24,2
DA:25,2
DA:26,2
DA:27,2
DA:31,2
DA:33,2
DA:34,2
DA:35,2
DA:37,0
DA:41,1
DA:42,2
DA:44,2
DA:45,2
DA:46,2
DA:48,2
DA:56,2
DA:58,2
DA:59,2
DA:60,2
DA:62,0
DA:66,1
DA:67,2
DA:69,2
DA:70,2
DA:71,2
DA:72,2
DA:77,2
DA:78,2
DA:79,2
DA:81,2
DA:84,0
DA:88,1
DA:89,2
DA:91,2
DA:92,2
DA:93,2
DA:95,2
DA:103,2
DA:105,2
DA:107,2
DA:108,2
DA:109,2
DA:111,0
DA:115,1
DA:116,0
DA:120,0
DA:122,0
DA:129,0
DA:131,0
DA:133,0
LF:63
LH:50
BRF:0
BRH:0
end_of_record
TN:
SF:source/responseManager.js
FN:3,(anonymous_0)
FN:7,(anonymous_1)
FN:11,(anonymous_2)
FNF:3
FNH:2
FNDA:8,(anonymous_0)
FNDA:0,(anonymous_1)
FNDA:8,(anonymous_2)
DA:3,1
DA:4,8
DA:7,1
DA:8,0
DA:11,1
DA:12,8
LF:6
LH:5
BRF:0
BRH:0
end_of_record
TN:
SF:utils/init.js
FN:6,init
FNF:1
FNH:0
FNDA:0,init
DA:3,1
DA:4,1
DA:7,0
DA:8,0
DA:11,1
LF:5
LH:3
BRF:0
BRH:0
end_of_record
TN:
SF:utils/steps.js
FN:6,viaHandler
FN:9,(anonymous_1)
FN:28,(anonymous_2)
FN:35,(anonymous_3)
FN:42,(anonymous_4)
FN:52,(anonymous_5)
FNF:6
FNH:5
FNDA:8,viaHandler
FNDA:0,(anonymous_1)
FNDA:2,(anonymous_2)
FNDA:2,(anonymous_3)
FNDA:2,(anonymous_4)
FNDA:2,(anonymous_5)
DA:3,1
DA:4,1
DA:7,8
DA:8,8
DA:9,8
DA:10,0
DA:11,0
DA:13,0
DA:18,0
DA:19,0
DA:22,0
DA:25,8
DA:28,1
DA:29,2
DA:32,2
DA:35,1
DA:36,2
DA:39,2
DA:42,1
DA:43,2
DA:44,2
DA:49,2
DA:52,1
DA:53,2
DA:54,2
DA:59,2
DA:62,1
LF:27
LH:21
BRDA:10,0,0,0
BRDA:10,0,1,0
BRDA:18,1,0,0
BRDA:18,1,1,0
BRDA:18,2,0,0
BRDA:18,2,1,0
BRF:6
BRH:0
end_of_record
